20230429	00:45:15	5e1078f5-0901-44a4-8698-e460c255cf46	GET	/	undefined
20230429	00:45:15	b99a0637-9322-4dd9-b02c-ba7b73e7af5c	GET	/css/style.css	undefined
20230429	00:45:15	58e0ad3b-de13-405e-848c-cfd7af086e07	GET	/favicon.ico	undefined
20230501	07:23:04	f8365e58-788a-4ee5-b45b-c10ac0cc53b0	GET	/	undefined
20230501	07:23:04	a689107a-248b-4efe-b59b-eabfa1834a4a	GET	/css/style.css	undefined
20230501	07:32:48	4f8ee3b7-711b-4950-98ef-8de8addfd66d	GET	/	undefined
20230501	07:32:48	6440b56b-e182-40e2-9e8c-2aed1b8519a5	GET	/css/style.css	undefined
20230501	07:32:49	69534209-c856-4b14-acbc-ed20f955d0b9	GET	/favicon.ico	undefined
20230501	07:33:20	c3cfac20-5442-4388-aafc-6bd040d08926	POST	/dash/notes/new	undefined
20230501	07:33:45	de02e487-e3c1-42e0-a8a8-5496aa128084	POST	/dash/notes/new	undefined
20230501	07:34:00	f4bbefeb-4f45-4541-ae37-a4cea6d53047	GET	/dash/notes	undefined
20230501	07:36:14	75127f35-a7d6-4509-8741-5cca8f4e817c	GET	/dash/notes	undefined
20230501	07:36:34	c3eb682a-acf5-44ea-ae2a-7164bbd55cb0	POST	/dash/notes/create	undefined
20230501	07:36:53	909fdd45-2639-4319-9c64-450cd2d45750	GET	/dash/users	undefined
20230501	07:38:40	9d52c9c4-31b9-473f-aa51-37b9440e07f3	POST	/notes	undefined
20230501	07:38:52	080d12e8-ce6f-4d83-a5cc-7650a2a31e02	GET	/notes	undefined
20230501	07:38:52	728908fc-1af9-41d6-b6d2-66a2b677a4bc	GET	/notes	undefined
20230501	07:39:15	2c8764c7-a929-4d67-adad-5b0335645916	GET	/users	undefined
20230501	20:10:51	5e9437a0-fe9d-4e10-b79b-b039baf484e6	GET	/users	undefined
20230501	20:11:03	15292c89-7aeb-40d1-86ea-7c9840b3ebf3	GET	/notes	undefined
20230501	20:11:07	37740f5f-f368-42c4-b62d-c225d2e1e2e9	POST	/notes	undefined
20230501	20:11:46	f7cdc49b-4e08-44b0-aa73-60cfdab90257	POST	/notes	undefined
20230501	20:11:57	41c59410-45aa-46ac-9ba1-537931e6efc9	POST	/notes	undefined
20230501	20:12:06	4dd4c36d-fc11-4523-a533-e1af47eb8ade	POST	/notes	undefined
20230501	20:12:06	30921717-17e7-4a2c-904e-66f38e3462a1	POST	/notes	undefined
20230501	20:18:50	d8d71cca-ccb9-4e3f-bc85-b1bef4ac1aea	GET	/users	undefined
20230501	20:24:42	0c3818c3-fa8d-4c76-a1fc-63931c860676	GET	/auth/users	undefined
20230501	20:24:47	a82020a1-4b6b-42d3-b90e-01e6b855e602	GET	/auth/users	undefined
20230501	20:24:53	a6552933-2b30-4a36-a8c6-2cb03f2ac21d	GET	/users	undefined
20230501	20:32:40	4fb966e2-27a6-489f-a620-025942cbee0c	POST	/auth	undefined
20230501	20:32:57	76fc938b-0e41-4895-813b-4616a11a266f	POST	/auth	undefined
20230501	20:33:34	4a5f1308-c987-46cd-ac57-5174b751fff5	GET	/auth/notes	undefined
20230501	20:33:40	8af98ebb-18b2-42f0-bcf8-3fe0571193a1	GET	/notes	undefined
20230501	20:33:56	63375ee6-1d8b-4788-8460-164d1d6fa9df	GET	/notes	undefined
20230501	20:34:01	0c4783ac-9c54-4801-8c39-570bda7b4cf2	GET	/auth	undefined
20230501	20:34:04	bb9fc57e-2089-4de9-913b-7307ce0e6917	POST	/auth	undefined
